<?xml version="1.0" encoding="UTF-8"?>
<!-- Generated by org.testng.reporters.JUnitReportReporter -->
<testsuite skipped="0" hostname="C02F5BB0MD6M" name="todo.test.ToDoTestCases" tests="7" failures="0" timestamp="2023-08-16T15:41:22 IST" time="1.942" errors="0">
  <testcase name="testInputValidation" time="0.130" classname="todo.test.ToDoTestCases"/>
  <system-out/>
  <testcase name="addTask" time="0.163" classname="todo.test.ToDoTestCases"/>
  <system-out/>
  <testcase name="markSpecificTaskAsDone" time="0.247" classname="todo.test.ToDoTestCases"/>
  <system-out/>
  <testcase name="testDeleteSpecificTask" time="0.058" classname="todo.test.ToDoTestCases"/>
  <system-out/>
  <testcase name="markAllDone" time="0.560" classname="todo.test.ToDoTestCases"/>
  <system-out/>
  <testcase name="deleteAllTask" time="0.396" classname="todo.test.ToDoTestCases"/>
  <system-out/>
  <testcase name="markAllNotDone" time="0.388" classname="todo.test.ToDoTestCases"/>
  <system-out/>
</testsuite> <!-- todo.test.ToDoTestCases -->
